<?xml version="1.0" encoding="UTF-8"?>
<!-- Generated by org.testng.reporters.JUnitXMLReporter -->
<testsuite ignored="0" hostname="DESKTOP-KM0QCD1" failures="0" tests="6" name="Default test" time="81.91" errors="0" timestamp="2024-01-04T14:41:15 IST">
  <testcase classname="phase2.Final.Project.StarHeathTest.StarHeathTest" name="hoverOverPlansMenuAndClickForMyFamily" time="6.028"/>
  <testcase classname="phase2.Final.Project.StarHeathTest.StarHeathTest" name="inputs_data" time="6.96"/>
  <testcase classname="phase2.Final.Project.StarHeathTest.StarHeathTest" name="printAllLinksOnHomePage" time="33.8"/>
  <testcase classname="phase2.Final.Project.StarHeathTest.StarHeathTest" name="validateSocialMediaLinksInFooter" time="5.466"/>
  <testcase classname="phase2.Final.Project.StarHeathTest.StarHeathTest" name="validateStarHealthLogoAlt" time="4.196"/>
  <testcase classname="phase2.Final.Project.StarHeathTest.StarHeathTest" name="validateTwitterPageOpensInNewTab" time="5.9"/>
</testsuite> <!-- Default test -->
