<?xml version="1.0" encoding="UTF-8"?>
<!-- Generated by org.testng.reporters.JUnitXMLReporter -->
<testsuite ignored="0" hostname="DESKTOP-KM0QCD1" failures="0" tests="6" name="Default test" time="95.977" errors="0" timestamp="2024-01-04T17:30:35 IST">
  <testcase classname="phase2.Final.Project.StarHeathTest.StarHealthTest" name="hoverOverPlansMenuAndClickForMyFamily" time="7.119"/>
  <testcase classname="phase2.Final.Project.StarHeathTest.StarHealthTest" name="inputs_data" time="7.259"/>
  <testcase classname="phase2.Final.Project.StarHeathTest.StarHealthTest" name="printAllLinksOnHomePage" time="42.238"/>
  <testcase classname="phase2.Final.Project.StarHeathTest.StarHealthTest" name="validateSocialMediaLinksInFooter" time="6.052"/>
  <testcase classname="phase2.Final.Project.StarHeathTest.StarHealthTest" name="validateStarHealthLogoAlt" time="4.293"/>
  <testcase classname="phase2.Final.Project.StarHeathTest.StarHealthTest" name="validateTwitterPageOpensInNewTab" time="8.191"/>
</testsuite> <!-- Default test -->
