<?xml version="1.0" encoding="UTF-8"?>
<testng-results ignored="0" total="12" passed="12" failed="0" skipped="0">
  <reporter-output>
  </reporter-output>
  <suite started-at="2024-01-04T15:18:34 IST" name="eCom Webapp Test Suite" finished-at="2024-01-04T15:21:35 IST" duration-ms="181007">
    <groups>
      <group name="starhealth002">
        <method signature="StarHealthTest.printAllLinksOnHomePage()[pri:0, instance:phase2.Final.Project.StarHeathTest.StarHealthTest@58ea606c]" name="printAllLinksOnHomePage" class="phase2.Final.Project.StarHeathTest.StarHealthTest"/>
        <method signature="StarHealthTest.printAllLinksOnHomePage()[pri:0, instance:phase2.Final.Project.StarHeathTest.StarHealthTest@45ca843]" name="printAllLinksOnHomePage" class="phase2.Final.Project.StarHeathTest.StarHealthTest"/>
      </group> <!-- starhealth002 -->
      <group name="starhealth001">
        <method signature="StarHealthTest.hoverOverPlansMenuAndClickForMyFamily()[pri:0, instance:phase2.Final.Project.StarHeathTest.StarHealthTest@58ea606c]" name="hoverOverPlansMenuAndClickForMyFamily" class="phase2.Final.Project.StarHeathTest.StarHealthTest"/>
        <method signature="StarHealthTest.inputs_data()[pri:0, instance:phase2.Final.Project.StarHeathTest.StarHealthTest@58ea606c]" name="inputs_data" class="phase2.Final.Project.StarHeathTest.StarHealthTest"/>
        <method signature="StarHealthTest.validateSocialMediaLinksInFooter()[pri:0, instance:phase2.Final.Project.StarHeathTest.StarHealthTest@58ea606c]" name="validateSocialMediaLinksInFooter" class="phase2.Final.Project.StarHeathTest.StarHealthTest"/>
        <method signature="StarHealthTest.validateStarHealthLogoAlt()[pri:0, instance:phase2.Final.Project.StarHeathTest.StarHealthTest@58ea606c]" name="validateStarHealthLogoAlt" class="phase2.Final.Project.StarHeathTest.StarHealthTest"/>
        <method signature="StarHealthTest.validateTwitterPageOpensInNewTab()[pri:0, instance:phase2.Final.Project.StarHeathTest.StarHealthTest@58ea606c]" name="validateTwitterPageOpensInNewTab" class="phase2.Final.Project.StarHeathTest.StarHealthTest"/>
        <method signature="StarHealthTest.hoverOverPlansMenuAndClickForMyFamily()[pri:0, instance:phase2.Final.Project.StarHeathTest.StarHealthTest@45ca843]" name="hoverOverPlansMenuAndClickForMyFamily" class="phase2.Final.Project.StarHeathTest.StarHealthTest"/>
        <method signature="StarHealthTest.inputs_data()[pri:0, instance:phase2.Final.Project.StarHeathTest.StarHealthTest@45ca843]" name="inputs_data" class="phase2.Final.Project.StarHeathTest.StarHealthTest"/>
        <method signature="StarHealthTest.validateSocialMediaLinksInFooter()[pri:0, instance:phase2.Final.Project.StarHeathTest.StarHealthTest@45ca843]" name="validateSocialMediaLinksInFooter" class="phase2.Final.Project.StarHeathTest.StarHealthTest"/>
        <method signature="StarHealthTest.validateStarHealthLogoAlt()[pri:0, instance:phase2.Final.Project.StarHeathTest.StarHealthTest@45ca843]" name="validateStarHealthLogoAlt" class="phase2.Final.Project.StarHeathTest.StarHealthTest"/>
        <method signature="StarHealthTest.validateTwitterPageOpensInNewTab()[pri:0, instance:phase2.Final.Project.StarHeathTest.StarHealthTest@45ca843]" name="validateTwitterPageOpensInNewTab" class="phase2.Final.Project.StarHeathTest.StarHealthTest"/>
      </group> <!-- starhealth001 -->
    </groups>
    <test started-at="2024-01-04T15:18:34 IST" name="starhealth001" finished-at="2024-01-04T15:20:00 IST" duration-ms="86413">
      <class name="phase2.Final.Project.StarHeathTest.StarHealthTest">
        <test-method is-config="true" signature="setUp()[pri:0, instance:phase2.Final.Project.StarHeathTest.StarHealthTest@58ea606c]" started-at="2024-01-04T15:18:34 IST" name="setUp" finished-at="2024-01-04T15:18:51 IST" duration-ms="16973" status="PASS">
          <reporter-output>
          </reporter-output>
        </test-method> <!-- setUp -->
        <test-method signature="hoverOverPlansMenuAndClickForMyFamily()[pri:0, instance:phase2.Final.Project.StarHeathTest.StarHealthTest@58ea606c]" started-at="2024-01-04T15:18:51 IST" name="hoverOverPlansMenuAndClickForMyFamily" finished-at="2024-01-04T15:18:59 IST" duration-ms="7987" status="PASS">
          <reporter-output>
          </reporter-output>
        </test-method> <!-- hoverOverPlansMenuAndClickForMyFamily -->
        <test-method signature="inputs_data()[pri:0, instance:phase2.Final.Project.StarHeathTest.StarHealthTest@58ea606c]" started-at="2024-01-04T15:18:59 IST" name="inputs_data" finished-at="2024-01-04T15:19:06 IST" duration-ms="7072" status="PASS">
          <reporter-output>
          </reporter-output>
        </test-method> <!-- inputs_data -->
        <test-method signature="printAllLinksOnHomePage()[pri:0, instance:phase2.Final.Project.StarHeathTest.StarHealthTest@58ea606c]" started-at="2024-01-04T15:19:06 IST" name="printAllLinksOnHomePage" finished-at="2024-01-04T15:19:40 IST" duration-ms="34069" status="PASS">
          <reporter-output>
          </reporter-output>
        </test-method> <!-- printAllLinksOnHomePage -->
        <test-method signature="validateSocialMediaLinksInFooter()[pri:0, instance:phase2.Final.Project.StarHeathTest.StarHealthTest@58ea606c]" started-at="2024-01-04T15:19:40 IST" name="validateSocialMediaLinksInFooter" finished-at="2024-01-04T15:19:45 IST" duration-ms="5278" status="PASS">
          <reporter-output>
          </reporter-output>
        </test-method> <!-- validateSocialMediaLinksInFooter -->
        <test-method signature="validateStarHealthLogoAlt()[pri:0, instance:phase2.Final.Project.StarHeathTest.StarHealthTest@58ea606c]" started-at="2024-01-04T15:19:45 IST" name="validateStarHealthLogoAlt" finished-at="2024-01-04T15:19:50 IST" duration-ms="4252" status="PASS">
          <reporter-output>
          </reporter-output>
        </test-method> <!-- validateStarHealthLogoAlt -->
        <test-method signature="validateTwitterPageOpensInNewTab()[pri:0, instance:phase2.Final.Project.StarHeathTest.StarHealthTest@58ea606c]" started-at="2024-01-04T15:19:50 IST" name="validateTwitterPageOpensInNewTab" finished-at="2024-01-04T15:19:57 IST" duration-ms="7691" status="PASS">
          <reporter-output>
          </reporter-output>
        </test-method> <!-- validateTwitterPageOpensInNewTab -->
        <test-method is-config="true" signature="close()[pri:0, instance:phase2.Final.Project.StarHeathTest.StarHealthTest@58ea606c]" started-at="2024-01-04T15:19:57 IST" name="close" finished-at="2024-01-04T15:20:00 IST" duration-ms="2802" status="PASS">
          <reporter-output>
          </reporter-output>
        </test-method> <!-- close -->
      </class> <!-- phase2.Final.Project.StarHeathTest.StarHealthTest -->
    </test> <!-- starhealth001 -->
    <test started-at="2024-01-04T15:20:00 IST" name="starhealth002" finished-at="2024-01-04T15:21:35 IST" duration-ms="94534">
      <class name="phase2.Final.Project.StarHeathTest.StarHealthTest">
        <test-method is-config="true" signature="setUp()[pri:0, instance:phase2.Final.Project.StarHeathTest.StarHealthTest@45ca843]" started-at="2024-01-04T15:20:00 IST" name="setUp" finished-at="2024-01-04T15:20:23 IST" duration-ms="22914" status="PASS">
          <reporter-output>
          </reporter-output>
        </test-method> <!-- setUp -->
        <test-method signature="hoverOverPlansMenuAndClickForMyFamily()[pri:0, instance:phase2.Final.Project.StarHeathTest.StarHealthTest@45ca843]" started-at="2024-01-04T15:20:23 IST" name="hoverOverPlansMenuAndClickForMyFamily" finished-at="2024-01-04T15:20:30 IST" duration-ms="7260" status="PASS">
          <reporter-output>
          </reporter-output>
        </test-method> <!-- hoverOverPlansMenuAndClickForMyFamily -->
        <test-method signature="inputs_data()[pri:0, instance:phase2.Final.Project.StarHeathTest.StarHealthTest@45ca843]" started-at="2024-01-04T15:20:30 IST" name="inputs_data" finished-at="2024-01-04T15:20:41 IST" duration-ms="10255" status="PASS">
          <reporter-output>
          </reporter-output>
        </test-method> <!-- inputs_data -->
        <test-method signature="printAllLinksOnHomePage()[pri:0, instance:phase2.Final.Project.StarHeathTest.StarHealthTest@45ca843]" started-at="2024-01-04T15:20:41 IST" name="printAllLinksOnHomePage" finished-at="2024-01-04T15:21:19 IST" duration-ms="38551" status="PASS">
          <reporter-output>
          </reporter-output>
        </test-method> <!-- printAllLinksOnHomePage -->
        <test-method signature="validateSocialMediaLinksInFooter()[pri:0, instance:phase2.Final.Project.StarHeathTest.StarHealthTest@45ca843]" started-at="2024-01-04T15:21:19 IST" name="validateSocialMediaLinksInFooter" finished-at="2024-01-04T15:21:21 IST" duration-ms="1379" status="PASS">
          <reporter-output>
          </reporter-output>
        </test-method> <!-- validateSocialMediaLinksInFooter -->
        <test-method signature="validateStarHealthLogoAlt()[pri:0, instance:phase2.Final.Project.StarHeathTest.StarHealthTest@45ca843]" started-at="2024-01-04T15:21:21 IST" name="validateStarHealthLogoAlt" finished-at="2024-01-04T15:21:25 IST" duration-ms="4343" status="PASS">
          <reporter-output>
          </reporter-output>
        </test-method> <!-- validateStarHealthLogoAlt -->
        <test-method signature="validateTwitterPageOpensInNewTab()[pri:0, instance:phase2.Final.Project.StarHeathTest.StarHealthTest@45ca843]" started-at="2024-01-04T15:21:25 IST" name="validateTwitterPageOpensInNewTab" finished-at="2024-01-04T15:21:32 IST" duration-ms="7340" status="PASS">
          <reporter-output>
          </reporter-output>
        </test-method> <!-- validateTwitterPageOpensInNewTab -->
        <test-method is-config="true" signature="close()[pri:0, instance:phase2.Final.Project.StarHeathTest.StarHealthTest@45ca843]" started-at="2024-01-04T15:21:32 IST" name="close" finished-at="2024-01-04T15:21:35 IST" duration-ms="2431" status="PASS">
          <reporter-output>
          </reporter-output>
        </test-method> <!-- close -->
      </class> <!-- phase2.Final.Project.StarHeathTest.StarHealthTest -->
    </test> <!-- starhealth002 -->
  </suite> <!-- eCom Webapp Test Suite -->
</testng-results>
