<?xml version="1.0" encoding="UTF-8"?>
<testng-results ignored="0" total="6" passed="6" failed="0" skipped="0">
  <reporter-output>
  </reporter-output>
  <suite started-at="2024-01-04T17:28:59 IST" name="Default suite" finished-at="2024-01-04T17:30:35 IST" duration-ms="95977">
    <groups>
      <group name="starhealth002">
        <method signature="StarHealthTest.printAllLinksOnHomePage()[pri:0, instance:phase2.Final.Project.StarHeathTest.StarHealthTest@368f2016]" name="printAllLinksOnHomePage" class="phase2.Final.Project.StarHeathTest.StarHealthTest"/>
      </group> <!-- starhealth002 -->
      <group name="starhealth001">
        <method signature="StarHealthTest.hoverOverPlansMenuAndClickForMyFamily()[pri:0, instance:phase2.Final.Project.StarHeathTest.StarHealthTest@368f2016]" name="hoverOverPlansMenuAndClickForMyFamily" class="phase2.Final.Project.StarHeathTest.StarHealthTest"/>
        <method signature="StarHealthTest.inputs_data()[pri:0, instance:phase2.Final.Project.StarHeathTest.StarHealthTest@368f2016]" name="inputs_data" class="phase2.Final.Project.StarHeathTest.StarHealthTest"/>
        <method signature="StarHealthTest.validateSocialMediaLinksInFooter()[pri:0, instance:phase2.Final.Project.StarHeathTest.StarHealthTest@368f2016]" name="validateSocialMediaLinksInFooter" class="phase2.Final.Project.StarHeathTest.StarHealthTest"/>
        <method signature="StarHealthTest.validateStarHealthLogoAlt()[pri:0, instance:phase2.Final.Project.StarHeathTest.StarHealthTest@368f2016]" name="validateStarHealthLogoAlt" class="phase2.Final.Project.StarHeathTest.StarHealthTest"/>
        <method signature="StarHealthTest.validateTwitterPageOpensInNewTab()[pri:0, instance:phase2.Final.Project.StarHeathTest.StarHealthTest@368f2016]" name="validateTwitterPageOpensInNewTab" class="phase2.Final.Project.StarHeathTest.StarHealthTest"/>
      </group> <!-- starhealth001 -->
    </groups>
    <test started-at="2024-01-04T17:28:59 IST" name="Default test" finished-at="2024-01-04T17:30:35 IST" duration-ms="95977">
      <class name="phase2.Final.Project.StarHeathTest.StarHealthTest">
        <test-method is-config="true" signature="setUp()[pri:0, instance:phase2.Final.Project.StarHeathTest.StarHealthTest@368f2016]" started-at="2024-01-04T17:28:59 IST" name="setUp" finished-at="2024-01-04T17:29:16 IST" duration-ms="17004" status="PASS">
          <reporter-output>
          </reporter-output>
        </test-method> <!-- setUp -->
        <test-method signature="hoverOverPlansMenuAndClickForMyFamily()[pri:0, instance:phase2.Final.Project.StarHeathTest.StarHealthTest@368f2016]" started-at="2024-01-04T17:29:17 IST" name="hoverOverPlansMenuAndClickForMyFamily" finished-at="2024-01-04T17:29:24 IST" duration-ms="7119" status="PASS">
          <reporter-output>
          </reporter-output>
        </test-method> <!-- hoverOverPlansMenuAndClickForMyFamily -->
        <test-method signature="inputs_data()[pri:0, instance:phase2.Final.Project.StarHeathTest.StarHealthTest@368f2016]" started-at="2024-01-04T17:29:24 IST" name="inputs_data" finished-at="2024-01-04T17:29:31 IST" duration-ms="7259" status="PASS">
          <reporter-output>
          </reporter-output>
        </test-method> <!-- inputs_data -->
        <test-method signature="printAllLinksOnHomePage()[pri:0, instance:phase2.Final.Project.StarHeathTest.StarHealthTest@368f2016]" started-at="2024-01-04T17:29:31 IST" name="printAllLinksOnHomePage" finished-at="2024-01-04T17:30:13 IST" duration-ms="42238" status="PASS">
          <reporter-output>
          </reporter-output>
        </test-method> <!-- printAllLinksOnHomePage -->
        <test-method signature="validateSocialMediaLinksInFooter()[pri:0, instance:phase2.Final.Project.StarHeathTest.StarHealthTest@368f2016]" started-at="2024-01-04T17:30:13 IST" name="validateSocialMediaLinksInFooter" finished-at="2024-01-04T17:30:19 IST" duration-ms="6052" status="PASS">
          <reporter-output>
          </reporter-output>
        </test-method> <!-- validateSocialMediaLinksInFooter -->
        <test-method signature="validateStarHealthLogoAlt()[pri:0, instance:phase2.Final.Project.StarHeathTest.StarHealthTest@368f2016]" started-at="2024-01-04T17:30:19 IST" name="validateStarHealthLogoAlt" finished-at="2024-01-04T17:30:24 IST" duration-ms="4293" status="PASS">
          <reporter-output>
          </reporter-output>
        </test-method> <!-- validateStarHealthLogoAlt -->
        <test-method signature="validateTwitterPageOpensInNewTab()[pri:0, instance:phase2.Final.Project.StarHeathTest.StarHealthTest@368f2016]" started-at="2024-01-04T17:30:24 IST" name="validateTwitterPageOpensInNewTab" finished-at="2024-01-04T17:30:32 IST" duration-ms="8191" status="PASS">
          <reporter-output>
          </reporter-output>
        </test-method> <!-- validateTwitterPageOpensInNewTab -->
        <test-method is-config="true" signature="close()[pri:0, instance:phase2.Final.Project.StarHeathTest.StarHealthTest@368f2016]" started-at="2024-01-04T17:30:32 IST" name="close" finished-at="2024-01-04T17:30:35 IST" duration-ms="3507" status="PASS">
          <reporter-output>
          </reporter-output>
        </test-method> <!-- close -->
      </class> <!-- phase2.Final.Project.StarHeathTest.StarHealthTest -->
    </test> <!-- Default test -->
  </suite> <!-- Default suite -->
</testng-results>
